Started
[Fri Jan 20 14:46:00 GMT 2023] Starting branch indexing...
 > git --version # timeout=10
 > git --version # 'git version 2.38.2'
 > git ls-remote --symref -- https://github.com/gabrielmiki/Continuous_Intergration/tree/main/Jenkins_Docker_Compose # timeout=10
ERROR: [Fri Jan 20 14:46:00 GMT 2023] Could not update folder level actions from source 79153476-0ab2-411c-8a2e-02af28d16f19
[Fri Jan 20 14:46:00 GMT 2023] Finished branch indexing. Indexing took 0.53 sec
FATAL: Failed to recompute children of FIrst Project CI
hudson.plugins.git.GitException: Command "git ls-remote --symref -- https://github.com/gabrielmiki/Continuous_Intergration/tree/main/Jenkins_Docker_Compose" returned status code 128:
stdout: 
stderr: fatal: repository 'https://github.com/gabrielmiki/Continuous_Intergration/tree/main/Jenkins_Docker_Compose/' not found

	at org.jenkinsci.plugins.gitclient.CliGitAPIImpl.launchCommandIn(CliGitAPIImpl.java:2734)
	at org.jenkinsci.plugins.gitclient.CliGitAPIImpl.launchCommandWithCredentials(CliGitAPIImpl.java:2111)
	at org.jenkinsci.plugins.gitclient.CliGitAPIImpl.launchCommandWithCredentials(CliGitAPIImpl.java:2009)
	at org.jenkinsci.plugins.gitclient.CliGitAPIImpl.launchCommandWithCredentials(CliGitAPIImpl.java:2000)
	at org.jenkinsci.plugins.gitclient.CliGitAPIImpl.getRemoteSymbolicReferences(CliGitAPIImpl.java:3713)
	at jenkins.plugins.git.AbstractGitSCMSource.retrieveActions(AbstractGitSCMSource.java:1152)
	at jenkins.scm.api.SCMSource.fetchActions(SCMSource.java:848)
	at jenkins.branch.MultiBranchProject.computeChildren(MultiBranchProject.java:597)
	at com.cloudbees.hudson.plugins.folder.computed.ComputedFolder.updateChildren(ComputedFolder.java:278)
	at com.cloudbees.hudson.plugins.folder.computed.FolderComputation.run(FolderComputation.java:166)
	at jenkins.branch.MultiBranchProject$BranchIndexing.run(MultiBranchProject.java:1031)
	at hudson.model.ResourceController.execute(ResourceController.java:101)
	at hudson.model.Executor.run(Executor.java:442)
Finished: FAILURE
