--- Copying files at Fri Jan 20 14:31:20 UTC 2023
INSTALLED plugins/pipeline-milestone-step.jpi : 101.vd572fef9d926
INSTALLED plugins/snakeyaml-api.jpi : 1.33-90.v80dcb_3814d35
INSTALLED plugins/scm-api.jpi : 631.v9143df5b_e4a_a
INSTALLED plugins/instance-identity.jpi : 142.v04572ca_5b_265
INSTALLED plugins/jsch.jpi : 0.1.55.61.va_e9ee26616e7
INSTALLED plugins/ssh-credentials.jpi : 305.v8f4381501156
INSTALLED plugins/cloudbees-folder.jpi : 6.800.v71307ca_b_986b
INSTALLED plugins/ace-editor.jpi : 1.1
INSTALLED plugins/commons-lang3-api.jpi : 3.12.0-36.vd97de6465d5b_
INSTALLED plugins/bouncycastle-api.jpi : 2.27
INSTALLED plugins/workflow-basic-steps.jpi : 994.vd57e3ca_46d24
INSTALLED plugins/structs.jpi : 324.va_f5d6774f3a_d
INSTALLED plugins/durable-task.jpi : 503.v57154d18d478
INSTALLED plugins/workflow-durable-task-step.jpi : 1223.v7f1a_98a_8863e
INSTALLED plugins/workflow-multibranch.jpi : 716.vc692a_e52371b_
INSTALLED plugins/workflow-job.jpi : 1268.v6eb_e2ee1a_85a
INSTALLED plugins/envinject-api.jpi : 1.199.v3ce31253ed13
INSTALLED plugins/workflow-aggregator.jpi : 590.v6a_d052e5a_a_b_5
INSTALLED plugins/javax-activation-api.jpi : 1.2.0-5
INSTALLED plugins/workflow-cps.jpi : 3606.v0b_d8b_e512dcf
INSTALLED plugins/workflow-scm-step.jpi : 400.v6b_89a_1317c9a_
INSTALLED plugins/pipeline-input-step.jpi : 466.v6d0a_5df34f81
INSTALLED plugins/script-security.jpi : 1228.vd93135a_2fb_25
INSTALLED plugins/workflow-api.jpi : 1208.v0cc7c6e0da_9e
INSTALLED plugins/credentials-binding.jpi : 523.vd859a_4b_122e6
INSTALLED plugins/checks-api.jpi : 1.8.1
INSTALLED plugins/junit.jpi : 1166.va_436e268e972
INSTALLED plugins/jakarta-mail-api.jpi : 2.0.1-2
INSTALLED plugins/plain-credentials.jpi : 143.v1b_df8b_d3b_e48
INSTALLED plugins/trilead-api.jpi : 2.84.v72119de229b_7
INSTALLED plugins/jakarta-activation-api.jpi : 2.0.1-2
INSTALLED plugins/display-url-api.jpi : 2.3.7
INSTALLED plugins/git.jpi : 5.0.0
INSTALLED plugins/pipeline-stage-tags-metadata.jpi : 2.2118.v31fd5b_9944b_5
INSTALLED plugins/git-client.jpi : 4.0.0
INSTALLED plugins/credentials.jpi : 1214.v1de940103927
INSTALLED plugins/variant.jpi : 59.vf075fe829ccb
INSTALLED plugins/workflow-step-api.jpi : 639.v6eca_cd8c04a_a_
INSTALLED plugins/pipeline-model-definition.jpi : 2.2118.v31fd5b_9944b_5
INSTALLED plugins/branch-api.jpi : 2.1071.v1a_188a_562481
INSTALLED plugins/description-setter.jpi : 1.10
INSTALLED plugins/pipeline-model-api.jpi : 2.2118.v31fd5b_9944b_5
INSTALLED plugins/echarts-api.jpi : 5.4.0-1
INSTALLED plugins/caffeine-api.jpi : 2.9.3-65.v6a_47d0f4d1fe
INSTALLED plugins/workflow-support.jpi : 839.v35e2736cfd5c
INSTALLED plugins/jaxb.jpi : 2.3.7-1
INSTALLED plugins/jquery3-api.jpi : 3.6.1-2
INSTALLED plugins/seed.jpi : 2.1.4
INSTALLED plugins/font-awesome-api.jpi : 6.2.1-1
INSTALLED plugins/bootstrap5-api.jpi : 5.2.1-3
INSTALLED plugins/plugin-util-api.jpi : 2.20.0
INSTALLED plugins/apache-httpcomponents-client-4-api.jpi : 4.5.13-138.v4e7d9a_7b_a_e61
INSTALLED plugins/jackson2-api.jpi : 2.14.1-313.v504cdd45c18b
INSTALLED plugins/mailer.jpi : 438.v02c7f0a_12fa_4
INSTALLED plugins/matrix-project.jpi : 785.v06b_7f47b_c631
INSTALLED plugins/popper2-api.jpi : 2.11.6-2
INSTALLED plugins/parameterized-trigger.jpi : 2.45
INSTALLED plugins/pipeline-build-step.jpi : 2.18
INSTALLED plugins/pipeline-groovy-lib.jpi : 629.vb_5627b_ee2104
INSTALLED plugins/ionicons-api.jpi : 31.v4757b_6987003
INSTALLED plugins/pipeline-stage-step.jpi : 296.v5f6908f017a_5
INSTALLED plugins/matrix-auth.jpi : 3.1.6
INSTALLED plugins/envinject.jpi : 2.892.v25453b_80e595
INSTALLED plugins/commons-text-api.jpi : 1.10.0-27.vb_fa_3896786a_7
INSTALLED plugins/pipeline-model-extensions.jpi : 2.2118.v31fd5b_9944b_5
INSTALLED plugins/job-dsl.jpi : 1.81
INSTALLED plugins.txt
--- Copying files at Fri Jan 20 14:50:54 UTC 2023
--- Copying files at Fri Jan 20 14:52:23 UTC 2023
